\BOOKMARK [1][-]{section.1}{Introduction}{}% 1
\BOOKMARK [2][-]{subsection.1.1}{Dataset Examples}{section.1}% 2
\BOOKMARK [2][-]{subsection.1.2}{Formal Description of Task}{section.1}% 3
\BOOKMARK [2][-]{subsection.1.3}{Segmentation Metric}{section.1}% 4
\BOOKMARK [1][-]{section.2}{Methods}{}% 5
\BOOKMARK [2][-]{subsection.2.1}{Downsampling}{section.2}% 6
\BOOKMARK [2][-]{subsection.2.2}{U-Net as a Learned Binarizer}{section.2}% 7
\BOOKMARK [3][-]{subsubsection.2.2.1}{General U-Net Architecture}{subsection.2.2}% 8
\BOOKMARK [3][-]{subsubsection.2.2.2}{Our U-Net Architecture}{subsection.2.2}% 9
\BOOKMARK [3][-]{subsubsection.2.2.3}{Why This Architecture?}{subsection.2.2}% 10
\BOOKMARK [3][-]{subsubsection.2.2.4}{Hand Designed Features}{subsection.2.2}% 11
\BOOKMARK [3][-]{subsubsection.2.2.5}{Shallow Models}{subsection.2.2}% 12
\BOOKMARK [2][-]{subsection.2.3}{Color Clustering}{section.2}% 13
\BOOKMARK [3][-]{subsubsection.2.3.1}{RGB Ratio Feature Extraction}{subsection.2.3}% 14
\BOOKMARK [2][-]{subsection.2.4}{ Lessons Learned }{section.2}% 15
\BOOKMARK [1][-]{appendix.A}{Appendix}{}% 16
\BOOKMARK [2][-]{subsection.A.1}{Car Image Examples}{appendix.A}% 17
\BOOKMARK [2][-]{subsection.A.2}{Image Mask Examples}{appendix.A}% 18
\BOOKMARK [2][-]{subsection.A.3}{Downsampling Example}{appendix.A}% 19
\BOOKMARK [2][-]{subsection.A.4}{Training Accuracy and Loss During Training}{appendix.A}% 20
\BOOKMARK [2][-]{subsection.A.5}{U-Net Architecture}{appendix.A}% 21
\BOOKMARK [2][-]{subsection.A.6}{U-Net Outputs}{appendix.A}% 22
\BOOKMARK [2][-]{subsection.A.7}{RGB Ratio Transformation}{appendix.A}% 23
